<?xml version="1.0" encoding="utf-8"?><testsuites name="pytest tests"><testsuite name="pytest" errors="0" failures="0" skipped="0" tests="8" time="8.098" timestamp="2026-03-26T10:05:52.185913+00:00" hostname="agent-env-84d5ff94-d56c-45f6-a8cf-3589b8a22318"><testcase classname="backend.tests.test_analysis_feature.TestAnalysisFeature" name="test_api_health" time="0.288" /><testcase classname="backend.tests.test_analysis_feature.TestAnalysisFeature" name="test_project_upload" time="0.088" /><testcase classname="backend.tests.test_analysis_feature.TestAnalysisFeature" name="test_project_get_returns_analysis_fields" time="0.178" /><testcase classname="backend.tests.test_analysis_feature.TestAnalysisFeature" name="test_generate_triggers_analysis" time="3.296" /><testcase classname="backend.tests.test_analysis_feature.TestAnalysisDataStructure" name="test_analysis_prompt_exists_for_bathroom" time="0.087" /><testcase classname="backend.tests.test_analysis_feature.TestAnalysisDataStructure" name="test_analysis_prompt_exists_for_kitchen" time="0.094" /><testcase classname="backend.tests.test_analysis_feature.TestExistingProjectAnalysis" name="test_existing_project_structure" time="0.669" /><testcase classname="backend.tests.test_analysis_feature.TestAnalysisIntegration" name="test_full_upload_and_poll_flow" time="3.283" /></testsuite></testsuites>