<?xml version="1.0" encoding="utf-8"?><testsuites name="pytest tests"><testsuite name="pytest" errors="0" failures="0" skipped="0" tests="8" time="5.805" timestamp="2026-06-30T15:05:03.476700+00:00" hostname="agent-env-84d5ff94-d56c-45f6-a8cf-3589b8a22318"><testcase classname="backend.tests.test_bookings_reviews_followups.TestBookings" name="test_create_booking_success" time="0.222" /><testcase classname="backend.tests.test_bookings_reviews_followups.TestBookings" name="test_create_booking_missing_required" time="0.129" /><testcase classname="backend.tests.test_bookings_reviews_followups.TestGoogleReviews" name="test_graceful_degrade_no_api_key" time="0.111" /><testcase classname="backend.tests.test_bookings_reviews_followups.TestUnsubscribeInvalid" name="test_invalid_token_returns_404_html" time="0.131" /><testcase classname="backend.tests.test_bookings_reviews_followups.TestLeadsQuickAndFollowups" name="test_quick_lead_schedules_three_followups" time="1.595" /><testcase classname="backend.tests.test_bookings_reviews_followups.TestLeadsQuickAndFollowups" name="test_unsubscribe_flow_marks_skipped_and_blocks_new_lead" time="3.228" /><testcase classname="backend.tests.test_bookings_reviews_followups.TestFrontendRoutes" name="test_local_service_page_loads" time="0.096" /><testcase classname="backend.tests.test_bookings_reviews_followups.TestFrontendRoutes" name="test_blog_post_route_loads" time="0.094" /></testsuite></testsuites>