<?xml version="1.0" encoding="utf-8"?><testsuites name="pytest tests"><testsuite name="pytest" errors="0" failures="0" skipped="0" tests="11" time="6.278" timestamp="2026-03-16T20:18:44.229363+00:00" hostname="agent-env-84d5ff94-d56c-45f6-a8cf-3589b8a22318"><testcase classname="backend.tests.test_budget_feature.TestBudgetFeature" name="test_upload_with_budget_under_5k" time="1.737" /><testcase classname="backend.tests.test_budget_feature.TestBudgetFeature" name="test_upload_with_budget_5k_10k" time="0.431" /><testcase classname="backend.tests.test_budget_feature.TestBudgetFeature" name="test_upload_with_budget_10k_20k" time="0.554" /><testcase classname="backend.tests.test_budget_feature.TestBudgetFeature" name="test_upload_with_budget_20k_plus" time="0.416" /><testcase classname="backend.tests.test_budget_feature.TestBudgetFeature" name="test_get_project_returns_budget" time="0.453" /><testcase classname="backend.tests.test_budget_feature.TestBudgetFeature" name="test_get_project_with_5k_10k_budget" time="0.422" /><testcase classname="backend.tests.test_budget_feature.TestBudgetFeature" name="test_get_project_with_10k_20k_budget" time="0.422" /><testcase classname="backend.tests.test_budget_feature.TestBudgetFeature" name="test_get_project_with_20k_plus_budget" time="0.428" /><testcase classname="backend.tests.test_budget_feature.TestBudgetValidation" name="test_api_root_health" time="0.413" /><testcase classname="backend.tests.test_budget_feature.TestBudgetValidation" name="test_upload_missing_budget_returns_422" time="0.437" /><testcase classname="backend.tests.test_budget_feature.TestBudgetValidation" name="test_project_response_schema" time="0.407" /></testsuite></testsuites>