<?xml version="1.0" encoding="utf-8"?><testsuites name="pytest tests"><testsuite name="pytest" errors="0" failures="0" skipped="0" tests="8" time="50.265" timestamp="2026-06-10T10:39:56.942878+00:00" hostname="agent-env-84d5ff94-d56c-45f6-a8cf-3589b8a22318"><testcase classname="backend.tests.test_chat" name="test_chat_turn1_new_session" time="6.249" /><testcase classname="backend.tests.test_chat" name="test_chat_turn2_memory_and_microcement_pricing" time="38.067" /><testcase classname="backend.tests.test_chat" name="test_chat_turn3_lead_extraction" time="5.176" /><testcase classname="backend.tests.test_chat" name="test_chat_history_sorted" time="0.201" /><testcase classname="backend.tests.test_chat" name="test_chat_empty_session_id_returns_400" time="0.107" /><testcase classname="backend.tests.test_chat" name="test_chat_empty_message_returns_400" time="0.105" /><testcase classname="backend.tests.test_chat" name="test_chat_oversized_message_returns_400" time="0.150" /><testcase classname="backend.tests.test_chat" name="test_quick_lead_still_works" time="0.098" /></testsuite></testsuites>