<?xml version="1.0" encoding="utf-8"?><testsuites name="pytest tests"><testsuite name="pytest" errors="0" failures="0" skipped="0" tests="11" time="4.763" timestamp="2026-08-02T03:56:45.050435+00:00" hostname="agent-env-d38f23d4-ffcc-4195-8832-0ee65956de25"><testcase classname="tests.leads_nba_test" name="test_nba_returns_populated_lead" time="0.964" /><testcase classname="tests.leads_nba_test" name="test_nba_queue_stats_shape" time="0.057" /><testcase classname="tests.leads_nba_test" name="test_skip_yields_different_lead" time="0.150" /><testcase classname="tests.leads_nba_test" name="test_update_message_persists_and_restore" time="1.151" /><testcase classname="tests.leads_nba_test" name="test_hold_removes_from_queue" time="0.554" /><testcase classname="tests.leads_nba_test" name="test_approve_writes_flags_and_returns_timestamp" time="0.682" /><testcase classname="tests.leads_nba_test" name="test_dnc_requires_confirm" time="0.098" /><testcase classname="tests.leads_nba_test" name="test_dnc_with_confirm_succeeds" time="0.517" /><testcase classname="tests.leads_nba_test" name="test_unknown_action_returns_400" time="0.105" /><testcase classname="tests.leads_nba_test" name="test_opportunities_list_regression" time="0.308" /><testcase classname="tests.leads_nba_test" name="test_opportunities_patch_fields_regression" time="0.106" /></testsuite></testsuites>