<?xml version="1.0" encoding="utf-8"?><testsuites name="pytest tests"><testsuite name="pytest" errors="0" failures="0" skipped="0" tests="7" time="13.141" timestamp="2026-05-24T03:03:10.143698+00:00" hostname="agent-env-84d5ff94-d56c-45f6-a8cf-3589b8a22318"><testcase classname="backend.tests.test_leads.TestQuickLead" name="test_quick_lead_minimal_valid" time="0.275" /><testcase classname="backend.tests.test_leads.TestQuickLead" name="test_quick_lead_with_all_optional_fields" time="0.106" /><testcase classname="backend.tests.test_leads.TestQuickLead" name="test_quick_lead_empty_name_returns_400" time="0.195" /><testcase classname="backend.tests.test_leads.TestQuickLead" name="test_quick_lead_empty_phone_returns_400" time="0.095" /><testcase classname="backend.tests.test_leads.TestQuickLead" name="test_quick_lead_default_source_when_omitted" time="0.133" /><testcase classname="backend.tests.test_leads.TestFullLead" name="test_full_lead_create" time="0.131" /><testcase classname="backend.tests.test_leads.TestHealthAi" name="test_health_ai_returns_ok" time="12.112" /></testsuite></testsuites>