<?xml version="1.0" encoding="utf-8"?><testsuites name="pytest tests"><testsuite name="pytest" errors="0" failures="0" skipped="0" tests="8" time="32.563" timestamp="2026-07-16T03:53:35.869895+00:00" hostname="agent-env-84d5ff94-d56c-45f6-a8cf-3589b8a22318"><testcase classname="backend.tests.test_lead_webhook.TestQuoteFormWebhook" name="test_leads_fires_one_webhook_with_standard_payload" time="0.648" /><testcase classname="backend.tests.test_lead_webhook.TestQuickLeadWebhook" name="test_hero_form_source_labels_website_quick_form" time="0.630" /><testcase classname="backend.tests.test_lead_webhook.TestQuickLeadWebhook" name="test_email_capture_source_labels_website_email_capture" time="0.630" /><testcase classname="backend.tests.test_lead_webhook.TestChatWebhook" name="test_chat_with_email_and_phone_fires_one_webhook" time="6.214" /><testcase classname="backend.tests.test_lead_webhook.TestChatWebhook" name="test_chat_without_contact_info_does_NOT_fire_webhook" time="11.072" /><testcase classname="backend.tests.test_lead_webhook.TestBookingWebhook" name="test_booking_fires_exactly_one_webhook_website_booking" time="2.677" /><testcase classname="backend.tests.test_lead_webhook.TestWebhookFailureDoesNotBlockCustomer" name="test_bad_url_still_returns_200_to_customer" time="9.870" /><testcase classname="backend.tests.test_lead_webhook.TestStandardPayloadSchema" name="test_all_sources_use_standard_schema" time="0.635" /></testsuite></testsuites>