<?xml version="1.0" encoding="utf-8"?><testsuites name="pytest tests"><testsuite name="pytest" errors="0" failures="0" skipped="0" tests="9" time="13.636" timestamp="2026-05-24T03:19:59.210389+00:00" hostname="agent-env-84d5ff94-d56c-45f6-a8cf-3589b8a22318"><testcase classname="backend.tests.test_lead_status_and_zip.TestLeadStatusUpdate" name="test_no_auth_returns_401_or_403" time="0.388" /><testcase classname="backend.tests.test_lead_status_and_zip.TestLeadStatusUpdate" name="test_admin_can_update_any_lead" time="0.274" /><testcase classname="backend.tests.test_lead_status_and_zip.TestLeadStatusUpdate" name="test_invalid_status_returns_400" time="0.185" /><testcase classname="backend.tests.test_lead_status_and_zip.TestLeadStatusUpdate" name="test_contractor_can_update_lead_in_their_zip" time="0.483" /><testcase classname="backend.tests.test_lead_status_and_zip.TestLeadStatusUpdate" name="test_contractor_cannot_update_lead_outside_zips" time="0.353" /><testcase classname="backend.tests.test_lead_status_and_zip.TestAdminLeadsBatched" name="test_admin_leads_has_contractor_name_field" time="0.162" /><testcase classname="backend.tests.test_lead_status_and_zip.TestZipGeocoding" name="test_uncached_zip_triggers_fetch_and_cache" time="0.770" /><testcase classname="backend.tests.test_lead_status_and_zip.TestZipGeocoding" name="test_invalid_zip_falls_back_gracefully" time="0.270" /><testcase classname="backend.tests.test_lead_status_and_zip.TestHealthRegression" name="test_health_ai" time="10.586" /></testsuite></testsuites>