<?xml version="1.0" encoding="utf-8"?><testsuites name="pytest tests"><testsuite name="pytest" errors="0" failures="0" skipped="0" tests="13" time="1.908" timestamp="2026-04-13T02:41:42.161002+00:00" hostname="agent-env-84d5ff94-d56c-45f6-a8cf-3589b8a22318"><testcase classname="backend.tests.test_multi_image_portfolio_easter_egg.TestMultiImageUpload" name="test_single_image_upload" time="0.100" /><testcase classname="backend.tests.test_multi_image_portfolio_easter_egg.TestMultiImageUpload" name="test_multi_image_upload_two_photos" time="0.165" /><testcase classname="backend.tests.test_multi_image_portfolio_easter_egg.TestMultiImageUpload" name="test_multi_image_upload_three_photos" time="0.152" /><testcase classname="backend.tests.test_multi_image_portfolio_easter_egg.TestContractorSearch" name="test_contractor_search_returns_is_suggested" time="0.162" /><testcase classname="backend.tests.test_multi_image_portfolio_easter_egg.TestContractorSearch" name="test_easter_egg_zip_70123_shirtless_handyman" time="0.072" /><testcase classname="backend.tests.test_multi_image_portfolio_easter_egg.TestContractorSearch" name="test_regular_zip_no_easter_egg" time="0.075" /><testcase classname="backend.tests.test_multi_image_portfolio_easter_egg.TestPortfolioCRUD" name="test_admin_login" time="0.079" /><testcase classname="backend.tests.test_multi_image_portfolio_easter_egg.TestPortfolioCRUD" name="test_admin_portfolio_upload" time="0.162" /><testcase classname="backend.tests.test_multi_image_portfolio_easter_egg.TestPortfolioCRUD" name="test_admin_get_portfolio" time="0.199" /><testcase classname="backend.tests.test_multi_image_portfolio_easter_egg.TestPortfolioCRUD" name="test_public_portfolio_api" time="0.081" /><testcase classname="backend.tests.test_multi_image_portfolio_easter_egg.TestPortfolioCRUD" name="test_admin_delete_portfolio" time="0.313" /><testcase classname="backend.tests.test_multi_image_portfolio_easter_egg.TestPortfolioCRUD" name="test_portfolio_requires_admin_auth" time="0.074" /><testcase classname="backend.tests.test_multi_image_portfolio_easter_egg.TestAdminStats" name="test_admin_stats_includes_portfolio" time="0.177" /></testsuite></testsuites>