<?xml version="1.0" encoding="utf-8"?><testsuites name="pytest tests"><testsuite name="pytest" errors="0" failures="4" skipped="0" tests="15" time="4.446" timestamp="2026-08-02T06:46:48.328505+00:00" hostname="agent-env-d38f23d4-ffcc-4195-8832-0ee65956de25"><testcase classname="tests.opportunities_leads_test.TestHealth" name="test_health_backend_airtable" time="0.918" /><testcase classname="tests.opportunities_leads_test.TestHealth" name="test_cache_status" time="0.042" /><testcase classname="tests.opportunities_leads_test.TestOpportunities" name="test_list_113_real_names" time="0.101" /><testcase classname="tests.opportunities_leads_test.TestOpportunities" name="test_list_min_score_filter" time="0.066" /><testcase classname="tests.opportunities_leads_test.TestOpportunities" name="test_summary" time="0.045" /><testcase classname="tests.opportunities_leads_test.TestOpportunities" name="test_pipeline" time="0.047" /><testcase classname="tests.opportunities_leads_test.TestOpportunities" name="test_missions" time="0.078" /><testcase classname="tests.opportunities_leads_test.TestOpportunities" name="test_recent_5" time="0.047" /><testcase classname="tests.opportunities_leads_test.TestOpportunities" name="test_get_single" time="0.110" /><testcase classname="tests.opportunities_leads_test.TestPatchFields" name="test_next_follow_up_persists_and_restore" time="1.802"><failure message="AssertionError: got 500: Internal Server Error&#10;assert 500 in (200, 400)&#10; +  where 500 = &lt;Response [500]&gt;.status_code">backend/tests/opportunities_leads_test.py:152: in test_next_follow_up_persists_and_restore
    assert r2.status_code in (200, 400), f"got {r2.status_code}: {r2.text}"
E   AssertionError: got 500: Internal Server Error
E   assert 500 in (200, 400)
E    +  where 500 = &lt;Response [500]&gt;.status_code</failure></testcase><testcase classname="tests.opportunities_leads_test.TestPatchFields" name="test_status_ready_persists" time="0.178"><failure message="AssertionError: 500 on status=Ready: Internal Server Error&#10;assert 500 != 500&#10; +  where 500 = &lt;Response [500]&gt;.status_code">backend/tests/opportunities_leads_test.py:159: in test_status_ready_persists
    assert r.status_code != 500, f"500 on status=Ready: {r.text[:200]}"
E   AssertionError: 500 on status=Ready: Internal Server Error
E   assert 500 != 500
E    +  where 500 = &lt;Response [500]&gt;.status_code</failure></testcase><testcase classname="tests.opportunities_leads_test.TestPatchFields" name="test_ryans_decision_graceful" time="0.192"><failure message="AssertionError: 500 on ryans_decision: Internal Server Error&#10;assert 500 != 500&#10; +  where 500 = &lt;Response [500]&gt;.status_code">backend/tests/opportunities_leads_test.py:170: in test_ryans_decision_graceful
    assert r.status_code != 500, f"500 on ryans_decision: {r.text[:200]}"
E   AssertionError: 500 on ryans_decision: Internal Server Error
E   assert 500 != 500
E    +  where 500 = &lt;Response [500]&gt;.status_code</failure></testcase><testcase classname="tests.opportunities_leads_test.TestPatchFields" name="test_unknown_field_ignored" time="0.044"><failure message="AssertionError: expected 200 with current DTO, got 400: {&quot;detail&quot;:&quot;No editable fields provided&quot;}&#10;assert 400 == 200&#10; +  where 400 = &lt;Response [400]&gt;.status_code">backend/tests/opportunities_leads_test.py:180: in test_unknown_field_ignored
    assert r.status_code == 200, f"expected 200 with current DTO, got {r.status_code}: {r.text}"
E   AssertionError: expected 200 with current DTO, got 400: {"detail":"No editable fields provided"}
E   assert 400 == 200
E    +  where 400 = &lt;Response [400]&gt;.status_code</failure></testcase><testcase classname="tests.opportunities_leads_test.TestLeadsRegression" name="test_next_best_action_populated" time="0.530" /><testcase classname="tests.opportunities_leads_test.TestLeadsRegression" name="test_skip_action" time="0.133" /></testsuite></testsuites>