<?xml version="1.0" encoding="utf-8"?><testsuites name="pytest tests"><testsuite name="pytest" errors="0" failures="0" skipped="0" tests="27" time="2.677" timestamp="2026-07-27T02:13:16.031053+00:00" hostname="agent-env-d38f23d4-ffcc-4195-8832-0ee65956de25"><testcase classname="tests.backend_test" name="test_health" time="0.343" /><testcase classname="tests.backend_test" name="test_config" time="0.055" /><testcase classname="tests.backend_test" name="test_list_all" time="0.179" /><testcase classname="tests.backend_test" name="test_list_filters[params0]" time="0.052" /><testcase classname="tests.backend_test" name="test_list_filters[params1]" time="0.049" /><testcase classname="tests.backend_test" name="test_list_filters[params2]" time="0.049" /><testcase classname="tests.backend_test" name="test_list_filters[params3]" time="0.047" /><testcase classname="tests.backend_test" name="test_list_filters[params4]" time="0.047" /><testcase classname="tests.backend_test" name="test_list_filters[params5]" time="0.047" /><testcase classname="tests.backend_test" name="test_summary" time="0.089" /><testcase classname="tests.backend_test" name="test_missions" time="0.051" /><testcase classname="tests.backend_test" name="test_pipeline" time="0.045" /><testcase classname="tests.backend_test" name="test_top" time="0.047" /><testcase classname="tests.backend_test" name="test_recent" time="0.047" /><testcase classname="tests.backend_test" name="test_get_opp" time="0.051" /><testcase classname="tests.backend_test" name="test_get_missing" time="0.049" /><testcase classname="tests.backend_test" name="test_patch_status" time="0.048" /><testcase classname="tests.backend_test" name="test_patch_mission" time="0.052" /><testcase classname="tests.backend_test" name="test_post_activity" time="0.045" /><testcase classname="tests.backend_test" name="test_schema_sample_backend" time="0.050" /><testcase classname="tests.backend_test" name="test_admin_reload" time="0.095" /><testcase classname="tests.backend_test" name="test_config_airtable_enabled_false" time="0.048" /><testcase classname="tests.backend_test" name="test_patch_fields_all_four" time="0.105" /><testcase classname="tests.backend_test" name="test_patch_fields_empty_body" time="0.046" /><testcase classname="tests.backend_test" name="test_patch_fields_missing_id" time="0.047" /><testcase classname="tests.backend_test" name="test_airtable_module_constants" time="0.212" /><testcase classname="tests.backend_test" name="test_build_airtable_service_from_env_returns_none_when_disabled" time="0.001" /></testsuite></testsuites>