<?xml version="1.0" encoding="utf-8"?><testsuites name="pytest tests"><testsuite name="pytest" errors="0" failures="0" skipped="0" tests="19" time="1.795" timestamp="2026-07-27T00:23:17.807992+00:00" hostname="agent-env-d38f23d4-ffcc-4195-8832-0ee65956de25"><testcase classname="tests.backend_test" name="test_health" time="0.219" /><testcase classname="tests.backend_test" name="test_config" time="0.056" /><testcase classname="tests.backend_test" name="test_list_all" time="0.060" /><testcase classname="tests.backend_test" name="test_list_filters[params0]" time="0.054" /><testcase classname="tests.backend_test" name="test_list_filters[params1]" time="0.056" /><testcase classname="tests.backend_test" name="test_list_filters[params2]" time="0.053" /><testcase classname="tests.backend_test" name="test_list_filters[params3]" time="0.064" /><testcase classname="tests.backend_test" name="test_list_filters[params4]" time="0.059" /><testcase classname="tests.backend_test" name="test_list_filters[params5]" time="0.053" /><testcase classname="tests.backend_test" name="test_summary" time="0.058" /><testcase classname="tests.backend_test" name="test_missions" time="0.056" /><testcase classname="tests.backend_test" name="test_pipeline" time="0.053" /><testcase classname="tests.backend_test" name="test_top" time="0.065" /><testcase classname="tests.backend_test" name="test_recent" time="0.050" /><testcase classname="tests.backend_test" name="test_get_opp" time="0.058" /><testcase classname="tests.backend_test" name="test_get_missing" time="0.057" /><testcase classname="tests.backend_test" name="test_patch_status" time="0.060" /><testcase classname="tests.backend_test" name="test_patch_mission" time="0.056" /><testcase classname="tests.backend_test" name="test_post_activity" time="0.057" /></testsuite></testsuites>