<?xml version="1.0" encoding="utf-8"?><testsuites name="pytest tests"><testsuite name="pytest" errors="0" failures="0" skipped="0" tests="7" time="1.794" timestamp="2026-06-08T13:35:44.861349+00:00" hostname="agent-env-84d5ff94-d56c-45f6-a8cf-3589b8a22318"><testcase classname="backend.tests.test_quick_lead_validation" name="test_quick_lead_email_only_succeeds" time="0.425" /><testcase classname="backend.tests.test_quick_lead_validation" name="test_quick_lead_no_phone_no_email_rejected" time="0.115" /><testcase classname="backend.tests.test_quick_lead_validation" name="test_quick_lead_legacy_name_phone_still_works" time="0.099" /><testcase classname="backend.tests.test_quick_lead_validation" name="test_quick_lead_empty_name_rejected" time="0.092" /><testcase classname="backend.tests.test_seo_pages_static" name="test_robots_txt_includes_required_bots" time="0.092" /><testcase classname="backend.tests.test_seo_pages_static" name="test_sitemap_includes_all_6_neighborhood_urls" time="0.128" /><testcase classname="backend.tests.test_seo_pages_static" name="test_neighborhood_pages_return_200" time="0.795" /></testsuite></testsuites>