<?xml version="1.0" encoding="utf-8"?><testsuites name="pytest tests"><testsuite name="pytest" errors="0" failures="0" skipped="0" tests="10" time="0.350" timestamp="2026-03-16T22:26:00.601723+00:00" hostname="agent-env-84d5ff94-d56c-45f6-a8cf-3589b8a22318"><testcase classname="tests.test_room_types_and_pdf.TestAPIHealth" name="test_api_health" time="0.116" /><testcase classname="tests.test_room_types_and_pdf.TestCostEstimator" name="test_all_room_types_have_base_costs" time="0.001" /><testcase classname="tests.test_room_types_and_pdf.TestCostEstimator" name="test_cost_estimator_bathroom" time="0.000" /><testcase classname="tests.test_room_types_and_pdf.TestCostEstimator" name="test_cost_estimator_living_room" time="0.000" /><testcase classname="tests.test_room_types_and_pdf.TestCostEstimator" name="test_cost_estimator_garage" time="0.000" /><testcase classname="tests.test_room_types_and_pdf.TestCostEstimator" name="test_cost_estimator_backyard" time="0.000" /><testcase classname="tests.test_room_types_and_pdf.TestCostEstimator" name="test_cost_estimator_outdoor_kitchen" time="0.000" /><testcase classname="tests.test_room_types_and_pdf.TestStylePrompts" name="test_all_room_types_have_style_prompts" time="0.000" /><testcase classname="tests.test_room_types_and_pdf.TestContractorAndLeadAPI" name="test_contractors_search" time="0.094" /><testcase classname="tests.test_room_types_and_pdf.TestContractorAndLeadAPI" name="test_lead_creation" time="0.082" /></testsuite></testsuites>